app/build/intermediates/manifest_merge_blame_file/debug/manifest-merger-blame-debug-report.txt
1<?xml version="1.0" encoding="utf-8"?>
2<manifest xmlns:android="http://schemas.android.com/apk/res/android"
3    package="com.armasconi.taskmaster"
4    android:versionCode="1"
5    android:versionName="1.0" >
6
7    <uses-sdk
8        android:minSdkVersion="21"
8-->src/main/AndroidManifest.xml
9        android:targetSdkVersion="32" />
9-->src/main/AndroidManifest.xml
10
11    <application
11-->src/main/AndroidManifest.xml:5:5-70:19
12        android:allowBackup="true"
12-->src/main/AndroidManifest.xml:6:9-35
13        android:appComponentFactory="androidx.core.app.CoreComponentFactory"
13-->[androidx.core:core:1.8.0] AndroidManifest.xml:24:18-86
14        android:dataExtractionRules="@xml/data_extraction_rules"
14-->src/main/AndroidManifest.xml:7:9-65
15        android:debuggable="true"
16        android:fullBackupContent="@xml/backup_rules"
16-->src/main/AndroidManifest.xml:8:9-54
17        android:icon="@mipmap/ic_launcher"
17-->src/main/AndroidManifest.xml:9:9-43
18        android:label="@string/app_name"
18-->src/main/AndroidManifest.xml:10:9-41
19        android:roundIcon="@mipmap/ic_launcher_round"
19-->src/main/AndroidManifest.xml:11:9-54
20        android:supportsRtl="true"
20-->src/main/AndroidManifest.xml:12:9-35
21        android:theme="@style/Theme.Taskmaster" >
21-->src/main/AndroidManifest.xml:13:9-48
22        <activity
22-->src/main/AndroidManifest.xml:15:9-21:20
23            android:name="com.armasconi.taskmaster.ActivityHelper"
23-->src/main/AndroidManifest.xml:16:13-43
24            android:exported="false" >
24-->src/main/AndroidManifest.xml:17:13-37
25            <meta-data
25-->src/main/AndroidManifest.xml:18:13-20:36
26                android:name="android.app.lib_name"
26-->src/main/AndroidManifest.xml:19:17-52
27                android:value="" />
27-->src/main/AndroidManifest.xml:20:17-33
28        </activity>
29        <activity
29-->src/main/AndroidManifest.xml:22:9-28:20
30            android:name="com.armasconi.taskmaster.AddTask"
30-->src/main/AndroidManifest.xml:23:13-36
31            android:exported="false" >
31-->src/main/AndroidManifest.xml:24:13-37
32            <meta-data
32-->src/main/AndroidManifest.xml:18:13-20:36
33                android:name="android.app.lib_name"
33-->src/main/AndroidManifest.xml:19:17-52
34                android:value="" />
34-->src/main/AndroidManifest.xml:20:17-33
35        </activity>
36        <activity
36-->src/main/AndroidManifest.xml:29:9-35:20
37            android:name="com.armasconi.taskmaster.activities.Settings"
37-->src/main/AndroidManifest.xml:30:13-48
38            android:exported="false" >
38-->src/main/AndroidManifest.xml:31:13-37
39            <meta-data
39-->src/main/AndroidManifest.xml:18:13-20:36
40                android:name="android.app.lib_name"
40-->src/main/AndroidManifest.xml:19:17-52
41                android:value="" />
41-->src/main/AndroidManifest.xml:20:17-33
42        </activity>
43        <activity
43-->src/main/AndroidManifest.xml:36:9-42:20
44            android:name="com.armasconi.taskmaster.activities.MyTasksActivity"
44-->src/main/AndroidManifest.xml:37:13-55
45            android:exported="false" >
45-->src/main/AndroidManifest.xml:38:13-37
46            <meta-data
46-->src/main/AndroidManifest.xml:18:13-20:36
47                android:name="android.app.lib_name"
47-->src/main/AndroidManifest.xml:19:17-52
48                android:value="" />
48-->src/main/AndroidManifest.xml:20:17-33
49        </activity>
50        <activity
50-->src/main/AndroidManifest.xml:43:9-49:20
51            android:name="com.armasconi.taskmaster.activities.TaskDetails"
51-->src/main/AndroidManifest.xml:44:13-51
52            android:exported="false" >
52-->src/main/AndroidManifest.xml:45:13-37
53            <meta-data
53-->src/main/AndroidManifest.xml:18:13-20:36
54                android:name="android.app.lib_name"
54-->src/main/AndroidManifest.xml:19:17-52
55                android:value="" />
55-->src/main/AndroidManifest.xml:20:17-33
56        </activity>
57        <activity
57-->src/main/AndroidManifest.xml:50:9-56:20
58            android:name="com.armasconi.taskmaster.activities.AddTask"
58-->src/main/AndroidManifest.xml:51:13-47
59            android:exported="false" >
59-->src/main/AndroidManifest.xml:52:13-37
60            <meta-data
60-->src/main/AndroidManifest.xml:18:13-20:36
61                android:name="android.app.lib_name"
61-->src/main/AndroidManifest.xml:19:17-52
62                android:value="" />
62-->src/main/AndroidManifest.xml:20:17-33
63        </activity>
64        <activity
64-->src/main/AndroidManifest.xml:57:9-69:20
65            android:name="com.armasconi.taskmaster.activities.MainActivity"
65-->src/main/AndroidManifest.xml:58:13-52
66            android:exported="true" >
66-->src/main/AndroidManifest.xml:59:13-36
67            <intent-filter>
67-->src/main/AndroidManifest.xml:60:13-64:29
68                <action android:name="android.intent.action.MAIN" />
68-->src/main/AndroidManifest.xml:61:17-69
68-->src/main/AndroidManifest.xml:61:25-66
69
70                <category android:name="android.intent.category.LAUNCHER" />
70-->src/main/AndroidManifest.xml:63:17-77
70-->src/main/AndroidManifest.xml:63:27-74
71            </intent-filter>
72
73            <meta-data
73-->src/main/AndroidManifest.xml:18:13-20:36
74                android:name="android.app.lib_name"
74-->src/main/AndroidManifest.xml:19:17-52
75                android:value="" />
75-->src/main/AndroidManifest.xml:20:17-33
76        </activity>
77
78        <service
78-->[androidx.room:room-runtime:2.4.3] AndroidManifest.xml:25:9-28:40
79            android:name="androidx.room.MultiInstanceInvalidationService"
79-->[androidx.room:room-runtime:2.4.3] AndroidManifest.xml:26:13-74
80            android:directBootAware="true"
80-->[androidx.room:room-runtime:2.4.3] AndroidManifest.xml:27:13-43
81            android:exported="false" />
81-->[androidx.room:room-runtime:2.4.3] AndroidManifest.xml:28:13-37
82
83        <provider
83-->[androidx.emoji2:emoji2:1.2.0] AndroidManifest.xml:24:9-32:20
84            android:name="androidx.startup.InitializationProvider"
84-->[androidx.emoji2:emoji2:1.2.0] AndroidManifest.xml:25:13-67
85            android:authorities="com.armasconi.taskmaster.androidx-startup"
85-->[androidx.emoji2:emoji2:1.2.0] AndroidManifest.xml:26:13-68
86            android:exported="false" >
86-->[androidx.emoji2:emoji2:1.2.0] AndroidManifest.xml:27:13-37
87            <meta-data
87-->[androidx.emoji2:emoji2:1.2.0] AndroidManifest.xml:29:13-31:52
88                android:name="androidx.emoji2.text.EmojiCompatInitializer"
88-->[androidx.emoji2:emoji2:1.2.0] AndroidManifest.xml:30:17-75
89                android:value="androidx.startup" />
89-->[androidx.emoji2:emoji2:1.2.0] AndroidManifest.xml:31:17-49
90            <meta-data
90-->[androidx.lifecycle:lifecycle-process:2.4.1] AndroidManifest.xml:31:13-33:52
91                android:name="androidx.lifecycle.ProcessLifecycleInitializer"
91-->[androidx.lifecycle:lifecycle-process:2.4.1] AndroidManifest.xml:32:17-78
92                android:value="androidx.startup" />
92-->[androidx.lifecycle:lifecycle-process:2.4.1] AndroidManifest.xml:33:17-49
93        </provider>
94    </application>
95
96</manifest>